------------------------------------------------------------------
	       SCS v3.2.4 - Splitting Conic Solver
	(c) Brendan O'Donoghue, Stanford University, 2012
------------------------------------------------------------------
problem:  variables n: 6, constraints m: 12
cones: 	  s: psd vars: 12, ssize: 2
settings: eps_abs: 1.0e-04, eps_rel: 1.0e-04, eps_infeas: 1.0e-07
	  alpha: 1.50, scale: 1.00e-01, adaptive_scale: 1
	  max_iters: 100000, normalize: 1, rho_x: 1.00e-06
	  acceleration_lookback: 10, acceleration_interval: 10
lin-sys:  sparse-direct-amd-qdldl
	  nnz(A): 21, nnz(P): 0
------------------------------------------------------------------
 iter | pri res | dua res |   gap   |   obj   |  scale  | time (s)
------------------------------------------------------------------
     0| 1.83e+01  1.01e+00  3.82e+01 -1.85e+01  1.00e-01  1.03e-04 
   175| 3.86e-04  5.08e-06  8.11e-06  7.50e+00  1.00e-01  4.04e-04 
------------------------------------------------------------------
status:  solved
timings: total: 4.05e-04s = setup: 6.51e-05s + solve: 3.40e-04s
	 lin-sys: 3.46e-05s, cones: 2.63e-04s, accel: 9.32e-06s
------------------------------------------------------------------
objective = 7.499986
------------------------------------------------------------------
P = value.(X) = [2.300508454499796 2.100191834840075 0.5001406354987649; 2.100191834840075 4.59952292379182 1.2999994479883699; 0.5001406354987649 1.2999994479883699 0.5999588292756685]
eigvals(A' * P + P * A) = [-1.0003734956415766, -0.9999457528420768, -0.9993302244644763]
lyap(A', Q) = [2.2999999999999985 2.0999999999999988 0.4999999999999999; 2.0999999999999983 4.599999999999994 1.299999999999999; 0.5 1.2999999999999994 0.6000000000000001]
